# JRE version: Java(TM) SE Runtime Environment (8.0_131-b11) (build 1.8.0_131-b11)
# Java VM: Java HotSpot(TM) 64-Bit Server VM (25.131-b11 mixed mode windows-amd64 compressed oops)
Heap:
 PSYoungGen      total 108544K, used 10740K [0x000000076b700000, 0x0000000776080000, 0x00000007c0000000)
  eden space 97792K, 0% used [0x000000076b700000,0x000000076b700000,0x0000000771680000)
  from space 10752K, 99% used [0x0000000771680000,0x00000007720fd218,0x0000000772100000)
  to   space 12288K, 0% used [0x0000000775480000,0x0000000775480000,0x0000000776080000)
 ParOldGen       total 102912K, used 8912K [0x00000006c2400000, 0x00000006c8880000, 0x000000076b700000)
  object space 102912K, 8% used [0x00000006c2400000,0x00000006c2cb4228,0x00000006c8880000)
 Metaspace       used 33130K, capacity 35390K, committed 35456K, reserved 1079296K
  class space    used 4569K, capacity 4959K, committed 4992K, reserved 1048576K
GC Heap History (10 events):
Event: 1.757 GC heap after
Heap after GC invocations=2 (full 0):
 PSYoungGen      total 75776K, used 8867K [0x000000076b700000, 0x0000000774b00000, 0x00000007c0000000)
  eden space 65024K, 0% used [0x000000076b700000,0x000000076b700000,0x000000076f680000)
  from space 10752K, 82% used [0x0000000770100000,0x00000007709a8fa0,0x0000000770b80000)
  to   space 10752K, 0% used [0x000000076f680000,0x000000076f680000,0x0000000770100000)
 ParOldGen       total 173568K, used 88K [0x00000006c2400000, 0x00000006ccd80000, 0x000000076b700000)
  object space 173568K, 0% used [0x00000006c2400000,0x00000006c2416010,0x00000006ccd80000)
 Metaspace       used 20369K, capacity 21202K, committed 21296K, reserved 1067008K
  class space    used 2683K, capacity 2899K, committed 2944K, reserved 1048576K
}
Event: 1.757 GC heap before
{Heap before GC invocations=3 (full 1):
 PSYoungGen      total 75776K, used 8867K [0x000000076b700000, 0x0000000774b00000, 0x00000007c0000000)
  eden space 65024K, 0% used [0x000000076b700000,0x000000076b700000,0x000000076f680000)
  from space 10752K, 82% used [0x0000000770100000,0x00000007709a8fa0,0x0000000770b80000)
  to   space 10752K, 0% used [0x000000076f680000,0x000000076f680000,0x0000000770100000)
 ParOldGen       total 173568K, used 88K [0x00000006c2400000, 0x00000006ccd80000, 0x000000076b700000)
  object space 173568K, 0% used [0x00000006c2400000,0x00000006c2416010,0x00000006ccd80000)
 Metaspace       used 20369K, capacity 21202K, committed 21296K, reserved 1067008K
  class space    used 2683K, capacity 2899K, committed 2944K, reserved 1048576K
Event: 1.787 GC heap after
Heap after GC invocations=3 (full 1):
 PSYoungGen      total 75776K, used 0K [0x000000076b700000, 0x0000000774b00000, 0x00000007c0000000)
  eden space 65024K, 0% used [0x000000076b700000,0x000000076b700000,0x000000076f680000)
  from space 10752K, 0% used [0x0000000770100000,0x0000000770100000,0x0000000770b80000)
  to   space 10752K, 0% used [0x000000076f680000,0x000000076f680000,0x0000000770100000)
 ParOldGen       total 102912K, used 8565K [0x00000006c2400000, 0x00000006c8880000, 0x000000076b700000)
  object space 102912K, 8% used [0x00000006c2400000,0x00000006c2c5d510,0x00000006c8880000)
 Metaspace       used 20369K, capacity 21202K, committed 21296K, reserved 1067008K
  class space    used 2683K, capacity 2899K, committed 2944K, reserved 1048576K
}
Event: 2.220 GC heap before
{Heap before GC invocations=4 (full 1):
 PSYoungGen      total 75776K, used 65024K [0x000000076b700000, 0x0000000774b00000, 0x00000007c0000000)
  eden space 65024K, 100% used [0x000000076b700000,0x000000076f680000,0x000000076f680000)
  from space 10752K, 0% used [0x0000000770100000,0x0000000770100000,0x0000000770b80000)
  to   space 10752K, 0% used [0x000000076f680000,0x000000076f680000,0x0000000770100000)
 ParOldGen       total 102912K, used 8565K [0x00000006c2400000, 0x00000006c8880000, 0x000000076b700000)
  object space 102912K, 8% used [0x00000006c2400000,0x00000006c2c5d510,0x00000006c8880000)
 Metaspace       used 23892K, capacity 25028K, committed 25344K, reserved 1071104K
  class space    used 3219K, capacity 3464K, committed 3584K, reserved 1048576K
Event: 2.224 GC heap after
Heap after GC invocations=4 (full 1):
 PSYoungGen      total 75776K, used 7416K [0x000000076b700000, 0x0000000772b80000, 0x00000007c0000000)
  eden space 65024K, 0% used [0x000000076b700000,0x000000076b700000,0x000000076f680000)
  from space 10752K, 68% used [0x000000076f680000,0x000000076fdbe200,0x0000000770100000)
  to   space 10752K, 0% used [0x0000000772100000,0x0000000772100000,0x0000000772b80000)
 ParOldGen       total 102912K, used 8573K [0x00000006c2400000, 0x00000006c8880000, 0x000000076b700000)
  object space 102912K, 8% used [0x00000006c2400000,0x00000006c2c5f510,0x00000006c8880000)
 Metaspace       used 23892K, capacity 25028K, committed 25344K, reserved 1071104K
  class space    used 3219K, capacity 3464K, committed 3584K, reserved 1048576K
}
Event: 2.704 GC heap before
{Heap before GC invocations=5 (full 1):
 PSYoungGen      total 75776K, used 72440K [0x000000076b700000, 0x0000000772b80000, 0x00000007c0000000)
  eden space 65024K, 100% used [0x000000076b700000,0x000000076f680000,0x000000076f680000)
  from space 10752K, 68% used [0x000000076f680000,0x000000076fdbe200,0x0000000770100000)
  to   space 10752K, 0% used [0x0000000772100000,0x0000000772100000,0x0000000772b80000)
 ParOldGen       total 102912K, used 8573K [0x00000006c2400000, 0x00000006c8880000, 0x000000076b700000)
  object space 102912K, 8% used [0x00000006c2400000,0x00000006c2c5f510,0x00000006c8880000)
 Metaspace       used 29156K, capacity 31022K, committed 31232K, reserved 1077248K
  class space    used 3949K, capacity 4301K, committed 4352K, reserved 1048576K
Event: 2.711 GC heap after
Heap after GC invocations=5 (full 1):
 PSYoungGen      total 108032K, used 10506K [0x000000076b700000, 0x0000000772b80000, 0x00000007c0000000)
  eden space 97280K, 0% used [0x000000076b700000,0x000000076b700000,0x0000000771600000)
  from space 10752K, 97% used [0x0000000772100000,0x0000000772b42a00,0x0000000772b80000)
  to   space 10752K, 0% used [0x0000000771680000,0x0000000771680000,0x0000000772100000)
 ParOldGen       total 102912K, used 8581K [0x00000006c2400000, 0x00000006c8880000, 0x000000076b700000)
  object space 102912K, 8% used [0x00000006c2400000,0x00000006c2c61510,0x00000006c8880000)
 Metaspace       used 29156K, capacity 31022K, committed 31232K, reserved 1077248K
  class space    used 3949K, capacity 4301K, committed 4352K, reserved 1048576K
}
Event: 3.044 GC heap before
{Heap before GC invocations=6 (full 1):
 PSYoungGen      total 108032K, used 54606K [0x000000076b700000, 0x0000000772b80000, 0x00000007c0000000)
  eden space 97280K, 45% used [0x000000076b700000,0x000000076e210f90,0x0000000771600000)
  from space 10752K, 97% used [0x0000000772100000,0x0000000772b42a00,0x0000000772b80000)
  to   space 10752K, 0% used [0x0000000771680000,0x0000000771680000,0x0000000772100000)
 ParOldGen       total 102912K, used 8581K [0x00000006c2400000, 0x00000006c8880000, 0x000000076b700000)
  object space 102912K, 8% used [0x00000006c2400000,0x00000006c2c61510,0x00000006c8880000)
 Metaspace       used 33130K, capacity 35390K, committed 35456K, reserved 1079296K
  class space    used 4569K, capacity 4959K, committed 4992K, reserved 1048576K
Event: 3.053 GC heap after
Heap after GC invocations=6 (full 1):
 PSYoungGen      total 108544K, used 10740K [0x000000076b700000, 0x0000000776080000, 0x00000007c0000000)
  eden space 97792K, 0% used [0x000000076b700000,0x000000076b700000,0x0000000771680000)
  from space 10752K, 99% used [0x0000000771680000,0x00000007720fd218,0x0000000772100000)
  to   space 12288K, 0% used [0x0000000775480000,0x0000000775480000,0x0000000776080000)
 ParOldGen       total 102912K, used 8912K [0x00000006c2400000, 0x00000006c8880000, 0x000000076b700000)
  object space 102912K, 8% used [0x00000006c2400000,0x00000006c2cb4228,0x00000006c8880000)
 Metaspace       used 33130K, capacity 35390K, committed 35456K, reserved 1079296K
  class space    used 4569K, capacity 4959K, committed 4992K, reserved 1048576K
}
Event: 3.053 GC heap before
{Heap before GC invocations=7 (full 2):
 PSYoungGen      total 108544K, used 10740K [0x000000076b700000, 0x0000000776080000, 0x00000007c0000000)
  eden space 97792K, 0% used [0x000000076b700000,0x000000076b700000,0x0000000771680000)
  from space 10752K, 99% used [0x0000000771680000,0x00000007720fd218,0x0000000772100000)
  to   space 12288K, 0% used [0x0000000775480000,0x0000000775480000,0x0000000776080000)
 ParOldGen       total 102912K, used 8912K [0x00000006c2400000, 0x00000006c8880000, 0x000000076b700000)
  object space 102912K, 8% used [0x00000006c2400000,0x00000006c2cb4228,0x00000006c8880000)
 Metaspace       used 33130K, capacity 35390K, committed 35456K, reserved 1079296K
  class space    used 4569K, capacity 4959K, committed 4992K, reserved 1048576K

